<?xml version="1.0" encoding="UTF-8"?>
<testng-results skipped="0" failed="0" ignored="1" total="2" passed="1">
  <reporter-output>
  </reporter-output>
  <suite name="Default suite" duration-ms="20223" started-at="2018-11-10T18:23:36Z" finished-at="2018-11-10T18:23:56Z">
    <groups>
    </groups>
    <test name="Default test" duration-ms="20223" started-at="2018-11-10T18:23:36Z" finished-at="2018-11-10T18:23:56Z">
      <class name="TestCases.Registration_TC01">
        <test-method status="PASS" signature="beforeMethod()[pri:0, instance:TestCases.Registration_TC01@1cea91b]" name="beforeMethod" is-config="true" duration-ms="12203" started-at="2018-11-10T18:23:36Z" finished-at="2018-11-10T18:23:48Z">
          <reporter-output>
          </reporter-output>
        </test-method> <!-- beforeMethod -->
        <test-method status="PASS" signature="login_TC()[pri:2, instance:TestCases.Registration_TC01@1cea91b]" name="login_TC" duration-ms="6120" started-at="2018-11-10T18:23:48Z" finished-at="2018-11-10T18:23:54Z">
          <reporter-output>
          </reporter-output>
        </test-method> <!-- login_TC -->
        <test-method status="PASS" signature="afterMethod()[pri:0, instance:TestCases.Registration_TC01@1cea91b]" name="afterMethod" is-config="true" duration-ms="1825" started-at="2018-11-10T18:23:54Z" finished-at="2018-11-10T18:23:56Z">
          <reporter-output>
          </reporter-output>
        </test-method> <!-- afterMethod -->
      </class> <!-- TestCases.Registration_TC01 -->
    </test> <!-- Default test -->
  </suite> <!-- Default suite -->
</testng-results>
