<?xml version="1.0" encoding="UTF-8"?>
<!-- Generated by org.testng.reporters.JUnitXMLReporter -->
<testsuite hostname="Shyamly" ignored="1" name="Default test" tests="1" failures="0" timestamp="10 Nov 2018 18:23:56 GMT" time="20.223" errors="0">
  <testcase name="login_TC" time="6.12" classname="TestCases.Registration_TC01"/>
  <testcase name="registration_TC" time="0.0" classname="TestCases.Registration_TC01">
    <ignored/>
  </testcase> <!-- registration_TC -->
</testsuite> <!-- Default test -->
