<?xml version="1.0" encoding="UTF-8"?>
<!-- Generated by org.testng.reporters.JUnitXMLReporter -->
<testsuite hostname="Shyamly" ignored="1" name="Test" tests="7" failures="0" timestamp="10 Nov 2018 18:19:33 GMT" time="157.445" errors="0">
  <testcase name="IncorrectUserId_Scenario" time="24.063" classname="TestCases.Negative_TC02"/>
  <testcase name="IncorrectPassword_Scenario" time="5.296" classname="TestCases.Negative_TC03"/>
  <testcase name="BlankPassword_Scenario" time="4.281" classname="TestCases.Negative_TC04"/>
  <testcase name="BlankUserId_Scenario" time="4.299" classname="TestCases.Negative_TC05"/>
  <testcase name="forgotpassword_Scenario" time="4.86" classname="TestCases.ForgotPassword_TC06"/>
  <testcase name="Eightcharacterpassword_TC" time="6.391" classname="TestCases.Password_characters_TC07"/>
  <testcase name="login_TC" time="6.061" classname="TestCases.Registration_TC01"/>
  <testcase name="registration_TC" time="0.0" classname="TestCases.Registration_TC01">
    <ignored/>
  </testcase> <!-- registration_TC -->
</testsuite> <!-- Test -->
