<?xml version="1.0" encoding="UTF-8"?>
<!-- Generated by org.testng.reporters.JUnitXMLReporter -->
<testsuite hostname="Shyamly" ignored="1" name="Test" tests="7" failures="0" timestamp="10 Nov 2018 14:50:32 GMT" time="177.608" errors="0">
  <testcase name="IncorrectUserId_Scenario" time="8.745" classname="TestCases.Negative_TC02"/>
  <testcase name="forgotpassword_Scenario" time="8.145" classname="TestCases.ForgotPassword_TC06"/>
  <testcase name="IncorrectPassword_Scenario" time="8.247" classname="TestCases.Negative_TC03"/>
  <testcase name="Eightcharacterpassword_TC" time="10.21" classname="TestCases.Password_characters_TC07"/>
  <testcase name="BlankPassword_Scenario" time="7.984" classname="TestCases.Negative_TC04"/>
  <testcase name="BlankUserId_Scenario" time="7.405" classname="TestCases.Negative_TC05"/>
  <testcase name="login_TC" time="10.003" classname="TestCases.Registration_TC01"/>
  <testcase name="registration_TC" time="0.0" classname="TestCases.Registration_TC01">
    <ignored/>
  </testcase> <!-- registration_TC -->
</testsuite> <!-- Test -->
